<?xml version="1.0" encoding="UTF-8"?>
<!-- Generated by org.testng.reporters.JUnitReportReporter -->
<testsuite hostname="DESKTOP-N6BH7Q3" failures="0" tests="5" name="testpkg.TestSuccessfullogin" time="16.909" errors="0" timestamp="2024-09-28T21:55:21 IST" skipped="0">
  <testcase classname="testpkg.TestSuccessfullogin" name="slcLogin" time="5.870"/>
  <testcase classname="testpkg.TestSuccessfullogin" name="productToCart" time="5.444"/>
  <testcase classname="testpkg.TestSuccessfullogin" name="verifyCheckout" time="5.005"/>
  <testcase classname="testpkg.TestSuccessfullogin" name="verifyFillForm" time="0.426"/>
  <testcase classname="testpkg.TestSuccessfullogin" name="verfiyByScrShot" time="0.164"/>
</testsuite> <!-- testpkg.TestSuccessfullogin -->
