<?xml version="1.0" encoding="UTF-8"?>
<!-- Generated by org.testng.reporters.JUnitReportReporter -->
<testsuite hostname="DESKTOP-N6BH7Q3" failures="0" tests="7" name="testpkg.Testsbasicafterlogin" time="11.649" errors="0" timestamp="2024-09-28T21:55:21 IST" skipped="0">
  <testcase classname="testpkg.Testsbasicafterlogin" name="verifyTitle" time="0.045"/>
  <testcase classname="testpkg.Testsbasicafterlogin" name="verifyLogo" time="0.073"/>
  <testcase classname="testpkg.Testsbasicafterlogin" name="verifyTabs" time="0.345"/>
  <testcase classname="testpkg.Testsbasicafterlogin" name="verifyEmptyCart" time="0.299"/>
  <testcase classname="testpkg.Testsbasicafterlogin" name="verifySearchFunctionality" time="4.823"/>
  <testcase classname="testpkg.Testsbasicafterlogin" name="verifyUnavailableSearch" time="4.262"/>
  <testcase classname="testpkg.Testsbasicafterlogin" name="verifyDropDown" time="1.802"/>
</testsuite> <!-- testpkg.Testsbasicafterlogin -->
