<?xml version="1.0" encoding="UTF-8"?>
<!-- Generated by org.testng.reporters.JUnitReportReporter -->
<testsuite hostname="DESKTOP-N6BH7Q3" failures="0" tests="3" name="testpkg.TestReportgen" time="2.573" errors="0" timestamp="2024-09-28T21:55:21 IST" skipped="0">
  <testcase classname="testpkg.TestReportgen" name="verifyPersonalTab" time="1.378"/>
  <testcase classname="testpkg.TestReportgen" name="verifyTxtPrdctAvailability" time="0.109"/>
  <testcase classname="testpkg.TestReportgen" name="verifyCheckBocClick" time="1.086"/>
</testsuite> <!-- testpkg.TestReportgen -->
