<?xml version="1.0" encoding="UTF-8"?>
<!-- Generated by org.testng.reporters.JUnitReportReporter -->
<testsuite hostname="DESKTOP-N6BH7Q3" failures="0" tests="2" name="testpkg.Testsecurity" time="6.250" errors="0" timestamp="2024-09-28T21:55:21 IST" skipped="0">
  <testcase classname="testpkg.Testsecurity" name="slcLogin" time="5.884"/>
  <testcase classname="testpkg.Testsecurity" name="verifyPrintCookies" time="0.366"/>
</testsuite> <!-- testpkg.Testsecurity -->
