<?xml version="1.0" encoding="UTF-8"?>
<!-- Generated by org.testng.reporters.JUnitReportReporter -->
<testsuite hostname="DESKTOP-N6BH7Q3" failures="0" tests="3" name="testpkg.Testlogin" time="16.856" errors="0" timestamp="2024-09-28T21:55:21 IST" skipped="0">
  <testcase classname="testpkg.Testlogin" name="selectLogin" time="2.490"/>
  <testcase classname="testpkg.Testlogin" name="loginUsingCredentials" time="10.638"/>
  <testcase classname="testpkg.Testlogin" name="validatingLogin" time="3.728"/>
</testsuite> <!-- testpkg.Testlogin -->
