<?xml version="1.0" encoding="UTF-8"?>
<!-- Generated by org.testng.reporters.JUnitReportReporter -->
<testsuite hostname="DESKTOP-N6BH7Q3" failures="0" tests="3" name="testpkg.Testalert" time="5.120" errors="0" timestamp="2024-09-28T21:55:21 IST" skipped="0">
  <testcase classname="testpkg.Testalert" name="verifyAddingWshlist" time="3.326"/>
  <testcase classname="testpkg.Testalert" name="verifyWishlistItem" time="1.590"/>
  <testcase classname="testpkg.Testalert" name="verifyAlerthandling" time="0.204"/>
</testsuite> <!-- testpkg.Testalert -->
